"../../../Engine/Content/EngineMaterials/T_Default_Material_Grid_M.ubulk" 0
"../../../Engine/Content/EngineMaterials/T_Default_Material_Grid_M.uasset" 1
"../../../Engine/Content/EngineMaterials/T_Default_Material_Grid_M.uexp" 2
"../../../Engine/Content/EngineMaterials/T_Default_Material_Grid_N.ubulk" 3
"../../../Engine/Content/EngineMaterials/T_Default_Material_Grid_N.uasset" 4
"../../../Engine/Content/EngineMaterials/T_Default_Material_Grid_N.uexp" 5
"../../../Engine/Content/Functions/Engine_MaterialFunctions01/Opacity/CameraDepthFade.uasset" 6
"../../../Engine/Content/Functions/Engine_MaterialFunctions01/Opacity/CameraDepthFade.uexp" 7
"../../../Engine/Content/EngineMaterials/DefaultMaterial.uasset" 8
"../../../Engine/Content/EngineMaterials/DefaultMaterial.uexp" 9
"../../../Engine/Content/BasicShapes/Sphere.ubulk" 10
"../../../Engine/Content/BasicShapes/Sphere.uasset" 11
"../../../Engine/Content/BasicShapes/Sphere.uexp" 12
"../../../Engine/Content/EngineMaterials/WorldGridMaterial.uasset" 13
"../../../Engine/Content/EngineMaterials/WorldGridMaterial.uexp" 14
"../../../Engine/Content/BasicShapes/Plane.ubulk" 15
"../../../Engine/Content/BasicShapes/Plane.uasset" 16
"../../../Engine/Content/BasicShapes/Plane.uexp" 17
"../../../Engine/Content/BasicShapes/Cylinder.ubulk" 18
"../../../Engine/Content/BasicShapes/Cylinder.uasset" 19
"../../../Engine/Content/BasicShapes/Cylinder.uexp" 20
"../../../Engine/Content/BasicShapes/Cube.ubulk" 21
"../../../Engine/Content/BasicShapes/Cube.uasset" 22
"../../../Engine/Content/BasicShapes/Cube.uexp" 23
"../../../Engine/Content/BasicShapes/Cone.ubulk" 24
"../../../Engine/Content/BasicShapes/Cone.uasset" 25
"../../../Engine/Content/BasicShapes/Cone.uexp" 26
"../../../Engine/Content/ArtTools/RenderToTexture/Meshes/S_1_Unit_Plane.ubulk" 27
"../../../Engine/Content/ArtTools/RenderToTexture/Meshes/S_1_Unit_Plane.uasset" 28
"../../../Engine/Content/ArtTools/RenderToTexture/Meshes/S_1_Unit_Plane.uexp" 29
"../../../Engine/Content/EditorLandscapeResources/DefaultAlphaTexture.uasset" 30
"../../../Engine/Content/EditorLandscapeResources/DefaultAlphaTexture.uexp" 31
"../../../Engine/Content/EditorLandscapeResources/DataLayer.uasset" 32
"../../../Engine/Content/EditorLandscapeResources/DataLayer.uexp" 33
"../../../Engine/Content/EditorMaterials/PreviewShadowIndicator.ubulk" 34
"../../../Engine/Content/EditorMaterials/PreviewShadowIndicator.uasset" 35
"../../../Engine/Content/EditorMaterials/PreviewShadowIndicator.uexp" 36
"../../../Engine/Content/EditorMaterials/PreviewShadowIndicatorMaterial.uasset" 37
"../../../Engine/Content/EditorMaterials/PreviewShadowIndicatorMaterial.uexp" 38
"../../../Engine/Content/EditorMaterials/MAT_Groups_Visibility.uasset" 39
"../../../Engine/Content/EditorMaterials/MAT_Groups_Visibility.uexp" 40
"../../../Engine/Content/EditorMaterials/MAT_Groups_Toggle.uasset" 41
"../../../Engine/Content/EditorMaterials/MAT_Groups_Toggle.uexp" 42
"../../../Engine/Content/EditorMaterials/MatineeGroups/MAT_Groups_Vector.uasset" 43
"../../../Engine/Content/EditorMaterials/MatineeGroups/MAT_Groups_Vector.uexp" 44
"../../../Engine/Content/EditorMaterials/MatineeGroups/MAT_Groups_Sound.uasset" 45
"../../../Engine/Content/EditorMaterials/MatineeGroups/MAT_Groups_Sound.uexp" 46
"../../../Engine/Content/EditorMaterials/MatineeGroups/MAT_Groups_Slomo.uasset" 47
"../../../Engine/Content/EditorMaterials/MatineeGroups/MAT_Groups_Slomo.uexp" 48
"../../../Engine/Content/EditorMaterials/MatineeGroups/MAT_Groups_Move.uasset" 49
"../../../Engine/Content/EditorMaterials/MatineeGroups/MAT_Groups_Move.uexp" 50
"../../../Engine/Content/EditorMaterials/MatineeGroups/MAT_Groups_Float.uasset" 51
"../../../Engine/Content/EditorMaterials/MatineeGroups/MAT_Groups_Float.uexp" 52
"../../../Engine/Content/EditorMaterials/MatineeGroups/MAT_Groups_Fade.uasset" 53
"../../../Engine/Content/EditorMaterials/MatineeGroups/MAT_Groups_Fade.uexp" 54
"../../../Engine/Content/EditorMaterials/MatineeGroups/MAT_Groups_Event.uasset" 55
"../../../Engine/Content/EditorMaterials/MatineeGroups/MAT_Groups_Event.uexp" 56
"../../../Engine/Content/EditorMaterials/MatineeGroups/MAT_Groups_Director.uasset" 57
"../../../Engine/Content/EditorMaterials/MatineeGroups/MAT_Groups_Director.uexp" 58
"../../../Engine/Content/EditorMaterials/MatineeGroups/MAT_Groups_AudioMaster.uasset" 59
"../../../Engine/Content/EditorMaterials/MatineeGroups/MAT_Groups_AudioMaster.uexp" 60
"../../../Engine/Content/EditorMaterials/MatineeGroups/MAT_Groups_Anim.uasset" 61
"../../../Engine/Content/EditorMaterials/MatineeGroups/MAT_Groups_Anim.uexp" 62
"../../../Engine/Content/EditorMaterials/MatineeGroups/MAT_ColorTrack.uasset" 63
"../../../Engine/Content/EditorMaterials/MatineeGroups/MAT_ColorTrack.uexp" 64
"../../../Engine/Content/EditorMaterials/ParticleSystems/PSysThumbnail_OOD.ubulk" 65
"../../../Engine/Content/EditorMaterials/ParticleSystems/PSysThumbnail_OOD.uasset" 66
"../../../Engine/Content/EditorMaterials/ParticleSystems/PSysThumbnail_OOD.uexp" 67
"../../../Engine/Content/EditorMaterials/ParticleSystems/PSysThumbnail_NoImage.ubulk" 68
"../../../Engine/Content/EditorMaterials/ParticleSystems/PSysThumbnail_NoImage.uasset" 69
"../../../Engine/Content/EditorMaterials/ParticleSystems/PSysThumbnail_NoImage.uexp" 70
"../../../Engine/Content/Functions/Engine_MaterialFunctions02/Utility/MakeFloat4.uasset" 71
"../../../Engine/Content/Functions/Engine_MaterialFunctions02/Utility/MakeFloat4.uexp" 72
"../../../Engine/Content/Functions/Engine_MaterialFunctions02/Utility/MakeFloat3.uasset" 73
"../../../Engine/Content/Functions/Engine_MaterialFunctions02/Utility/MakeFloat3.uexp" 74
"../../../Engine/Content/Functions/Engine_MaterialFunctions02/Utility/BreakOutFloat3Components.uasset" 75
"../../../Engine/Content/Functions/Engine_MaterialFunctions02/Utility/BreakOutFloat3Components.uexp" 76
"../../../Engine/Content/EditorMaterials/WorldPartition/WorldPartitionSpatialHashGridPreviewMaterial.uasset" 77
"../../../Engine/Content/EditorMaterials/WorldPartition/WorldPartitionSpatialHashGridPreviewMaterial.uexp" 78
"../../../Engine/Content/EditorMaterials/Camera/CineMat.uasset" 79
"../../../Engine/Content/EditorMaterials/Camera/CineMat.uexp" 80
"../../../Engine/Content/EditorMaterials/Camera/MI_CineMat_Rig.uasset" 81
"../../../Engine/Content/EditorMaterials/Camera/MI_CineMat_Rig.uexp" 82
"../../../Engine/Content/EditorMeshes/Camera/SM_RailRig_Track.ubulk" 83
"../../../Engine/Content/EditorMeshes/Camera/SM_RailRig_Track.uasset" 84
"../../../Engine/Content/EditorMeshes/Camera/SM_RailRig_Track.uexp" 85
"../../../Engine/Content/EditorMeshes/Camera/SM_RailRig_Mount.ubulk" 86
"../../../Engine/Content/EditorMeshes/Camera/SM_RailRig_Mount.uasset" 87
"../../../Engine/Content/EditorMeshes/Camera/SM_RailRig_Mount.uexp" 88
"../../../Engine/Content/EditorMeshes/Camera/SM_CraneRig_Mount.ubulk" 89
"../../../Engine/Content/EditorMeshes/Camera/SM_CraneRig_Mount.uasset" 90
"../../../Engine/Content/EditorMeshes/Camera/SM_CraneRig_Mount.uexp" 91
"../../../Engine/Content/EditorMeshes/Camera/SM_CraneRig_Body.ubulk" 92
"../../../Engine/Content/EditorMeshes/Camera/SM_CraneRig_Body.uasset" 93
"../../../Engine/Content/EditorMeshes/Camera/SM_CraneRig_Body.uexp" 94
"../../../Engine/Content/EditorMeshes/Camera/SM_CraneRig_Base.ubulk" 95
"../../../Engine/Content/EditorMeshes/Camera/SM_CraneRig_Base.uasset" 96
"../../../Engine/Content/EditorMeshes/Camera/SM_CraneRig_Base.uexp" 97
"../../../Engine/Content/EditorMeshes/Camera/SM_CraneRig_Arm.ubulk" 98
"../../../Engine/Content/EditorMeshes/Camera/SM_CraneRig_Arm.uasset" 99
"../../../Engine/Content/EditorMeshes/Camera/SM_CraneRig_Arm.uexp" 100
"../../../Engine/Content/EditorResources/S_TriggerSphere.uasset" 101
"../../../Engine/Content/EditorResources/S_TriggerSphere.uexp" 102
"../../../Engine/Content/EditorResources/S_TriggerCapsule.uasset" 103
"../../../Engine/Content/EditorResources/S_TriggerCapsule.uexp" 104
"../../../Engine/Content/EditorResources/S_TriggerBox.uasset" 105
"../../../Engine/Content/EditorResources/S_TriggerBox.uexp" 106
"../../../Engine/Content/EditorResources/S_Trigger.ubulk" 107
"../../../Engine/Content/EditorResources/S_Trigger.uasset" 108
"../../../Engine/Content/EditorResources/S_Trigger.uexp" 109
"../../../Engine/Content/EditorResources/S_Terrain.ubulk" 110
"../../../Engine/Content/EditorResources/S_Terrain.uasset" 111
"../../../Engine/Content/EditorResources/S_Terrain.uexp" 112
"../../../Engine/Content/EditorResources/S_Solver.ubulk" 113
"../../../Engine/Content/EditorResources/S_Solver.uasset" 114
"../../../Engine/Content/EditorResources/S_Solver.uexp" 115
"../../../Engine/Content/EditorResources/S_BoxReflectionCapture.uasset" 116
"../../../Engine/Content/EditorResources/S_BoxReflectionCapture.uexp" 117
"../../../Engine/Content/EditorResources/S_Actor.ubulk" 118
"../../../Engine/Content/EditorResources/S_Actor.uasset" 119
"../../../Engine/Content/EditorResources/S_Actor.uexp" 120
"../../../Engine/Content/EditorResources/EmptyActor.uasset" 121
"../../../Engine/Content/EditorResources/EmptyActor.uexp" 122
"../../../Engine/Content/EditorResources/BSPVertex.uasset" 123
"../../../Engine/Content/EditorResources/BSPVertex.uexp" 124
"../../../Engine/Content/EditorResources/SequenceRecorder/RecordingIndicator.uasset" 125
"../../../Engine/Content/EditorResources/SequenceRecorder/RecordingIndicator.uexp" 126
"../../../Engine/Content/EditorResources/SequenceRecorder/Countdown.uasset" 127
"../../../Engine/Content/EditorResources/SequenceRecorder/Countdown.uexp" 128
"../../../Engine/Content/EngineDamageTypes/DmgTypeBP_Environmental.uasset" 129
"../../../Engine/Content/EngineDamageTypes/DmgTypeBP_Environmental.uexp" 130
"../../../Engine/Content/Functions/Engine_MaterialFunctions02/Utility/CameraDirectionVector.uasset" 131
"../../../Engine/Content/Functions/Engine_MaterialFunctions02/Utility/CameraDirectionVector.uexp" 132
"../../../Engine/Content/EngineDebugMaterials/VolumeToRender.uasset" 133
"../../../Engine/Content/EngineDebugMaterials/VolumeToRender.uexp" 134
"../../../Engine/Content/EngineDebugMaterials/M_VolumeRenderSphereTracePP.uasset" 135
"../../../Engine/Content/EngineDebugMaterials/M_VolumeRenderSphereTracePP.uexp" 136
"../../../Engine/Content/EngineDebugMaterials/M_SimpleUnlitTranslucent.uasset" 137
"../../../Engine/Content/EngineDebugMaterials/M_SimpleUnlitTranslucent.uexp" 138
"../../../Engine/Content/EngineDebugMaterials/DebugMeshMaterial.uasset" 139
"../../../Engine/Content/EngineDebugMaterials/DebugMeshMaterial.uexp" 140
"../../../Engine/Content/EngineDebugMaterials/DebugEditorMaterial.uasset" 141
"../../../Engine/Content/EngineDebugMaterials/DebugEditorMaterial.uexp" 142
"../../../Engine/Content/EngineFonts/Faces/RobotoLight.uexp" 143
"../../../Engine/Content/EngineFonts/Faces/RobotoLight.uasset" 144
"../../../Engine/Content/EngineFonts/Faces/RobotoLight.ufont" 145
"../../../Engine/Content/EngineFonts/Faces/RobotoBold.uexp" 146
"../../../Engine/Content/EngineFonts/Faces/RobotoBold.uasset" 147
"../../../Engine/Content/EngineFonts/Faces/RobotoBold.ufont" 148
"../../../Engine/Content/EngineFonts/Faces/RobotoRegular.uexp" 149
"../../../Engine/Content/EngineFonts/Faces/RobotoRegular.uasset" 150
"../../../Engine/Content/EngineFonts/Faces/RobotoRegular.ufont" 151
"../../../Engine/Content/EngineFonts/Faces/DroidSansFallback.uexp" 152
"../../../Engine/Content/EngineFonts/Faces/DroidSansFallback.uasset" 153
"../../../Engine/Content/EngineFonts/Faces/DroidSansFallback.ufont" 154
"../../../Engine/Content/EngineFonts/Faces/RobotoItalic.uexp" 155
"../../../Engine/Content/EngineFonts/Faces/RobotoItalic.uasset" 156
"../../../Engine/Content/EngineFonts/Faces/RobotoItalic.ufont" 157
"../../../Engine/Content/EngineFonts/Faces/RobotoBoldItalic.uexp" 158
"../../../Engine/Content/EngineFonts/Faces/RobotoBoldItalic.uasset" 159
"../../../Engine/Content/EngineFonts/Faces/RobotoBoldItalic.ufont" 160
"../../../Engine/Content/EngineFonts/Roboto.uasset" 161
"../../../Engine/Content/EngineFonts/Roboto.uexp" 162
"../../../Engine/Content/EngineResources/WhiteSquareTexture.uasset" 163
"../../../Engine/Content/EngineResources/WhiteSquareTexture.uexp" 164
"../../../Engine/Content/EngineMaterials/Widget3DPassThrough.uasset" 165
"../../../Engine/Content/EngineMaterials/Widget3DPassThrough.uexp" 166
"../../../Engine/Content/EngineMaterials/Widget3DPassThrough_Translucent.uasset" 167
"../../../Engine/Content/EngineMaterials/Widget3DPassThrough_Translucent.uexp" 168
"../../../Engine/Content/EngineMaterials/Widget3DPassThrough_Translucent_OneSided.uasset" 169
"../../../Engine/Content/EngineMaterials/Widget3DPassThrough_Translucent_OneSided.uexp" 170
"../../../Engine/Content/EngineMaterials/Widget3DPassThrough_Opaque.uasset" 171
"../../../Engine/Content/EngineMaterials/Widget3DPassThrough_Opaque.uexp" 172
"../../../Engine/Content/EngineMaterials/Widget3DPassThrough_Opaque_OneSided.uasset" 173
"../../../Engine/Content/EngineMaterials/Widget3DPassThrough_Opaque_OneSided.uexp" 174
"../../../Engine/Content/EngineMaterials/Widget3DPassThrough_Masked_OneSided.uasset" 175
"../../../Engine/Content/EngineMaterials/Widget3DPassThrough_Masked_OneSided.uexp" 176
"../../../Engine/Content/EngineMaterials/Widget3DPassThrough_Masked.uasset" 177
"../../../Engine/Content/EngineMaterials/Widget3DPassThrough_Masked.uexp" 178
"../../../Engine/Content/EngineMaterials/WeightMapPlaceholderTexture.uasset" 179
"../../../Engine/Content/EngineMaterials/WeightMapPlaceholderTexture.uexp" 180
"../../../Engine/Content/EngineMaterials/RemoveSurfaceMaterial.uasset" 181
"../../../Engine/Content/EngineMaterials/RemoveSurfaceMaterial.uexp" 182
"../../../Engine/Content/EngineMaterials/PreintegratedSkinBRDF.uasset" 183
"../../../Engine/Content/EngineMaterials/PreintegratedSkinBRDF.uexp" 184
"../../../Engine/Content/EngineMaterials/DefaultCalibrationGrayscale.uasset" 185
"../../../Engine/Content/EngineMaterials/DefaultCalibrationGrayscale.uexp" 186
"../../../Engine/Content/EngineMaterials/PPM_DefaultCalibrationGrayscale.uasset" 187
"../../../Engine/Content/EngineMaterials/PPM_DefaultCalibrationGrayscale.uexp" 188
"../../../Engine/Content/EngineMaterials/DefaultCalibrationColor.uasset" 189
"../../../Engine/Content/EngineMaterials/DefaultCalibrationColor.uexp" 190
"../../../Engine/Content/EngineMaterials/PPM_DefaultCalibrationColor.uasset" 191
"../../../Engine/Content/EngineMaterials/PPM_DefaultCalibrationColor.uexp" 192
"../../../Engine/Content/Functions/Engine_MaterialFunctions02/WorldPositionOffset/CameraOffset.uasset" 193
"../../../Engine/Content/Functions/Engine_MaterialFunctions02/WorldPositionOffset/CameraOffset.uexp" 194
"../../../Engine/Content/EngineMaterials/PhAT_JointLimitMaterial.uasset" 195
"../../../Engine/Content/EngineMaterials/PhAT_JointLimitMaterial.uexp" 196
"../../../Engine/Content/EngineMaterials/InvalidLightmapSettings.ubulk" 197
"../../../Engine/Content/EngineMaterials/InvalidLightmapSettings.uasset" 198
"../../../Engine/Content/EngineMaterials/InvalidLightmapSettings.uexp" 199
"../../../Engine/Content/EngineMaterials/M_InvalidLightmapSettings.uasset" 200
"../../../Engine/Content/EngineMaterials/M_InvalidLightmapSettings.uexp" 201
"../../../Engine/Content/EngineMaterials/MiniFont.uasset" 202
"../../../Engine/Content/EngineMaterials/MiniFont.uexp" 203
"../../../Engine/Content/EngineMeshes/Sphere.ubulk" 204
"../../../Engine/Content/EngineMeshes/Sphere.uasset" 205
"../../../Engine/Content/EngineMeshes/Sphere.uexp" 206
"../../../Engine/Content/EngineMaterials/Good64x64TilingNoiseHighFreq.uasset" 207
"../../../Engine/Content/EngineMaterials/Good64x64TilingNoiseHighFreq.uexp" 208
"../../../Engine/Content/EngineMaterials/GizmoMaterial.uasset" 209
"../../../Engine/Content/EngineMaterials/GizmoMaterial.uexp" 210
"../../../Engine/Content/EngineMaterials/BaseFlattenEmissiveMap_VT.uasset" 211
"../../../Engine/Content/EngineMaterials/BaseFlattenEmissiveMap_VT.uexp" 212
"../../../Engine/Content/EngineMaterials/BaseFlattenGrayscaleMap_VT.uasset" 213
"../../../Engine/Content/EngineMaterials/BaseFlattenGrayscaleMap_VT.uexp" 214
"../../../Engine/Content/EngineMaterials/BaseFlattenLinearColor_VT.uasset" 215
"../../../Engine/Content/EngineMaterials/BaseFlattenLinearColor_VT.uexp" 216
"../../../Engine/Content/EngineMaterials/Black_1x1_EXR_Texture_VT.uasset" 217
"../../../Engine/Content/EngineMaterials/Black_1x1_EXR_Texture_VT.uexp" 218
"../../../Engine/Content/EngineMaterials/BaseFlattenDiffuseMap_VT.uasset" 219
"../../../Engine/Content/EngineMaterials/BaseFlattenDiffuseMap_VT.uexp" 220
"../../../Engine/Content/EngineMaterials/BaseFlattenNormalMap_VT.uasset" 221
"../../../Engine/Content/EngineMaterials/BaseFlattenNormalMap_VT.uexp" 222
"../../../Engine/Content/EngineMaterials/FlattenMaterial_WS_Normal_VT.uasset" 223
"../../../Engine/Content/EngineMaterials/FlattenMaterial_WS_Normal_VT.uexp" 224
"../../../Engine/Content/EngineMaterials/FlattenMaterial_VT.uasset" 225
"../../../Engine/Content/EngineMaterials/FlattenMaterial_VT.uexp" 226
"../../../Engine/Content/EngineMaterials/BaseFlattenNormalMap.uasset" 227
"../../../Engine/Content/EngineMaterials/BaseFlattenNormalMap.uexp" 228
"../../../Engine/Content/EngineMaterials/BaseFlattenGrayscaleMap.uasset" 229
"../../../Engine/Content/EngineMaterials/BaseFlattenGrayscaleMap.uexp" 230
"../../../Engine/Content/EngineMaterials/BaseFlattenDiffuseMap.uasset" 231
"../../../Engine/Content/EngineMaterials/BaseFlattenDiffuseMap.uexp" 232
"../../../Engine/Content/Functions/Engine_MaterialFunctions02/PivotPainter2/Black_1x1_EXR_Texture.uasset" 233
"../../../Engine/Content/Functions/Engine_MaterialFunctions02/PivotPainter2/Black_1x1_EXR_Texture.uexp" 234
"../../../Engine/Content/EngineMaterials/BaseFlattenEmissiveMap.uasset" 235
"../../../Engine/Content/EngineMaterials/BaseFlattenEmissiveMap.uexp" 236
"../../../Engine/Content/EngineMaterials/BaseFlattenLinearColor.uasset" 237
"../../../Engine/Content/EngineMaterials/BaseFlattenLinearColor.uexp" 238
"../../../Engine/Content/EngineMaterials/FlattenMaterial.uasset" 239
"../../../Engine/Content/EngineMaterials/FlattenMaterial.uexp" 240
"../../../Engine/Content/EngineMaterials/DefaultWhiteGrid_Low.uasset" 241
"../../../Engine/Content/EngineMaterials/DefaultWhiteGrid_Low.uexp" 242
"../../../Engine/Content/EngineMaterials/EmissiveMeshMaterial.uasset" 243
"../../../Engine/Content/EngineMaterials/EmissiveMeshMaterial.uexp" 244
"../../../Engine/Content/EngineMaterials/DefaultWhiteGrid.ubulk" 245
"../../../Engine/Content/EngineMaterials/DefaultWhiteGrid.uasset" 246
"../../../Engine/Content/EngineMaterials/DefaultWhiteGrid.uexp" 247
"../../../Engine/Content/EngineFonts/RobotoDistanceField.uasset" 248
"../../../Engine/Content/EngineFonts/RobotoDistanceField.uexp" 249
"../../../Engine/Content/EngineMaterials/DefaultTextMaterialOpaque.uasset" 250
"../../../Engine/Content/EngineMaterials/DefaultTextMaterialOpaque.uexp" 251
"../../../Engine/Content/EngineMaterials/DefaultDiffuse.ubulk" 252
"../../../Engine/Content/EngineMaterials/DefaultDiffuse.uasset" 253
"../../../Engine/Content/EngineMaterials/DefaultDiffuse.uexp" 254
"../../../Engine/Content/Functions/Engine_MaterialFunctions02/Utility/BreakOutFloat2Components.uasset" 255
"../../../Engine/Content/Functions/Engine_MaterialFunctions02/Utility/BreakOutFloat2Components.uexp" 256
"../../../Engine/Content/EngineMaterials/DefaultPostProcessMaterial.uasset" 257
"../../../Engine/Content/EngineMaterials/DefaultPostProcessMaterial.uexp" 258
"../../../Engine/Content/EngineMaterials/DefaultPhysicalMaterial.uasset" 259
"../../../Engine/Content/EngineMaterials/DefaultPhysicalMaterial.uexp" 260
"../../../Engine/Content/EngineMaterials/DefaultLightFunctionMaterial.uasset" 261
"../../../Engine/Content/EngineMaterials/DefaultLightFunctionMaterial.uexp" 262
"../../../Engine/Content/EngineMaterials/DefaultDestructiblePhysicalMaterial.uasset" 263
"../../../Engine/Content/EngineMaterials/DefaultDestructiblePhysicalMaterial.uexp" 264
"../../../Engine/Content/EngineMaterials/DefaultDeferredDecalMaterial.uasset" 265
"../../../Engine/Content/EngineMaterials/DefaultDeferredDecalMaterial.uexp" 266
"../../../Engine/Content/EngineMaterials/DefaultBokeh.uasset" 267
"../../../Engine/Content/EngineMaterials/DefaultBokeh.uexp" 268
"../../../Engine/Content/EngineMaterials/DefaultBloomKernel.uasset" 269
"../../../Engine/Content/EngineMaterials/DefaultBloomKernel.uexp" 270
"../../../Engine/Content/EngineMaterials/BlueNoise.uasset" 271
"../../../Engine/Content/EngineMaterials/BlueNoise.uexp" 272
"../../../Engine/Content/EngineResources/GradientTexture0.uasset" 273
"../../../Engine/Content/EngineResources/GradientTexture0.uexp" 274
"../../../Engine/Content/EngineResources/DefaultVolumeTexture2D.uasset" 275
"../../../Engine/Content/EngineResources/DefaultVolumeTexture2D.uexp" 276
"../../../Engine/Content/EngineResources/DefaultVolumeTexture.uasset" 277
"../../../Engine/Content/EngineResources/DefaultVolumeTexture.uexp" 278
"../../../Engine/Content/EngineResources/DefaultTextureCube.uasset" 279
"../../../Engine/Content/EngineResources/DefaultTextureCube.uexp" 280
"../../../Engine/Content/EngineResources/DefaultTexture.ubulk" 281
"../../../Engine/Content/EngineResources/DefaultTexture.uasset" 282
"../../../Engine/Content/EngineResources/DefaultTexture.uexp" 283
"../../../Engine/Content/EngineResources/Black.uasset" 284
"../../../Engine/Content/EngineResources/Black.uexp" 285
"../../../Engine/Content/EngineResources/FilmGrains/Marcie_Grain_v3_128_M2_000.uasset" 286
"../../../Engine/Content/EngineResources/FilmGrains/Marcie_Grain_v3_128_M2_000.uexp" 287
"../../../Engine/Content/EngineSky/T_Sky_Stars.ubulk" 288
"../../../Engine/Content/EngineSky/T_Sky_Stars.uasset" 289
"../../../Engine/Content/EngineSky/T_Sky_Stars.uexp" 290
"../../../Engine/Content/EngineSky/T_Sky_Clouds_M.ubulk" 291
"../../../Engine/Content/EngineSky/T_Sky_Clouds_M.uasset" 292
"../../../Engine/Content/EngineSky/T_Sky_Clouds_M.uexp" 293
"../../../Engine/Content/EngineSky/T_Sky_Blue.ubulk" 294
"../../../Engine/Content/EngineSky/T_Sky_Blue.uasset" 295
"../../../Engine/Content/EngineSky/T_Sky_Blue.uexp" 296
"../../../Engine/Content/EngineSky/M_Sky_Panning_Clouds2.uasset" 297
"../../../Engine/Content/EngineSky/M_Sky_Panning_Clouds2.uexp" 298
"../../../Engine/Content/EngineSky/SM_SkySphere.ubulk" 299
"../../../Engine/Content/EngineSky/SM_SkySphere.uasset" 300
"../../../Engine/Content/EngineSky/SM_SkySphere.uexp" 301
"../../../Engine/Content/EngineSky/M_SimpleSkyDome.uasset" 302
"../../../Engine/Content/EngineSky/M_SimpleSkyDome.uexp" 303
"../../../Engine/Content/EngineSky/VolumetricClouds/CloudWeatherTexture.uasset" 304
"../../../Engine/Content/EngineSky/VolumetricClouds/CloudWeatherTexture.uexp" 305
"../../../Engine/Content/Functions/Engine_MaterialFunctions02/Utility/MakeFloat2.uasset" 306
"../../../Engine/Content/Functions/Engine_MaterialFunctions02/Utility/MakeFloat2.uexp" 307
"../../../Engine/Content/EngineSky/VolumetricClouds/CloudGradientTexture.uasset" 308
"../../../Engine/Content/EngineSky/VolumetricClouds/CloudGradientTexture.uexp" 309
"../../../Engine/Content/EngineSky/VolumetricClouds/T_NoiseShape64.ubulk" 310
"../../../Engine/Content/EngineSky/VolumetricClouds/T_NoiseShape64.uasset" 311
"../../../Engine/Content/EngineSky/VolumetricClouds/T_NoiseShape64.uexp" 312
"../../../Engine/Content/EngineSky/VolumetricClouds/T_VolumeNoiseShape64.uasset" 313
"../../../Engine/Content/EngineSky/VolumetricClouds/T_VolumeNoiseShape64.uexp" 314
"../../../Engine/Content/EngineSky/VolumetricClouds/T_NoiseErosion.ubulk" 315
"../../../Engine/Content/EngineSky/VolumetricClouds/T_NoiseErosion.uasset" 316
"../../../Engine/Content/EngineSky/VolumetricClouds/T_NoiseErosion.uexp" 317
"../../../Engine/Content/EngineSky/VolumetricClouds/T_VolumeNoiseErosion32.uasset" 318
"../../../Engine/Content/EngineSky/VolumetricClouds/T_VolumeNoiseErosion32.uexp" 319
"../../../Engine/Content/EngineSky/VolumetricClouds/m_SimpleVolumetricCloud.uasset" 320
"../../../Engine/Content/EngineSky/VolumetricClouds/m_SimpleVolumetricCloud.uexp" 321
"../../../Engine/Content/EngineSky/VolumetricClouds/m_SimpleVolumetricCloud_Inst.uasset" 322
"../../../Engine/Content/EngineSky/VolumetricClouds/m_SimpleVolumetricCloud_Inst.uexp" 323
"../../../Engine/Content/EngineSounds/Master.uasset" 324
"../../../Engine/Content/EngineSounds/Master.uexp" 325
"../../../Engine/Content/Functions/Engine_MaterialFunctions01/Shading/PowerToRoughness.uasset" 326
"../../../Engine/Content/Functions/Engine_MaterialFunctions01/Shading/PowerToRoughness.uexp" 327
"../../../Engine/Content/Functions/Engine_MaterialFunctions01/Shading/ConvertFromDiffSpec.uasset" 328
"../../../Engine/Content/Functions/Engine_MaterialFunctions01/Shading/ConvertFromDiffSpec.uexp" 329
"../../../Engine/Content/MobileResources/HUD/VirtualJoystick_Background.uasset" 330
"../../../Engine/Content/MobileResources/HUD/VirtualJoystick_Background.uexp" 331
"../../../Engine/Content/MobileResources/HUD/VirtualJoystick_Thumb.uasset" 332
"../../../Engine/Content/MobileResources/HUD/VirtualJoystick_Thumb.uexp" 333
"../../../Engine/Content/MobileResources/HUD/DefaultVirtualJoysticks.uasset" 334
"../../../Engine/Content/MobileResources/HUD/DefaultVirtualJoysticks.uexp" 335
"../../../Engine/Content/EngineMaterials/BlendFunc_DefBlend.uasset" 336
"../../../Engine/Content/EngineMaterials/BlendFunc_DefBlend.uexp" 337
"../../../Engine/Content/EngineMaterials/BlendFunc_DefBase.uasset" 338
"../../../Engine/Content/EngineMaterials/BlendFunc_DefBase.uexp" 339
"../../../Engine/Content/Functions/Engine_MaterialFunctions03/Blends/Blend_Overlay.uasset" 340
"../../../Engine/Content/Functions/Engine_MaterialFunctions03/Blends/Blend_Overlay.uexp" 341
"../../../Engine/Content/OpenWorldTemplate/LandscapeMaterial/T_GridChecker_A.ubulk" 342
"../../../Engine/Content/OpenWorldTemplate/LandscapeMaterial/T_GridChecker_A.uasset" 343
"../../../Engine/Content/OpenWorldTemplate/LandscapeMaterial/T_GridChecker_A.uexp" 344
"../../../Engine/Content/Functions/Engine_MaterialFunctions01/Gradient/LinearGradient.uasset" 345
"../../../Engine/Content/Functions/Engine_MaterialFunctions01/Gradient/LinearGradient.uexp" 346
"../../../Engine/Content/Functions/Engine_MaterialFunctions01/ImageAdjustment/CheapContrast.uasset" 347
"../../../Engine/Content/Functions/Engine_MaterialFunctions01/ImageAdjustment/CheapContrast.uexp" 348
"../../../Engine/Content/OpenWorldTemplate/LandscapeMaterial/MF_ProcGrid.uasset" 349
"../../../Engine/Content/OpenWorldTemplate/LandscapeMaterial/MF_ProcGrid.uexp" 350
"../../../Engine/Content/OpenWorldTemplate/LandscapeMaterial/M_ProcGrid.uasset" 351
"../../../Engine/Content/OpenWorldTemplate/LandscapeMaterial/M_ProcGrid.uexp" 352
"../../../Engine/Content/Tutorial/ContentIntroCurve.uasset" 353
"../../../Engine/Content/Tutorial/ContentIntroCurve.uexp" 354
"../../../Engine/Content/VREditor/TransformGizmo/Main.uasset" 355
"../../../Engine/Content/VREditor/TransformGizmo/Main.uexp" 356
"../../../Engine/Content/VREditor/TransformGizmo/Xray.uasset" 357
"../../../Engine/Content/VREditor/TransformGizmo/Xray.uexp" 358
"../../../Engine/Content/VREditor/TransformGizmo/SM_Sequencer_Node.ubulk" 359
"../../../Engine/Content/VREditor/TransformGizmo/SM_Sequencer_Node.uasset" 360
"../../../Engine/Content/VREditor/TransformGizmo/SM_Sequencer_Node.uexp" 361
"../../../Engine/Content/VREditor/LaserPointer/VR_LaserPower_01.ubulk" 362
"../../../Engine/Content/VREditor/LaserPointer/VR_LaserPower_01.uasset" 363
"../../../Engine/Content/VREditor/LaserPointer/VR_LaserPower_01.uexp" 364
"../../../Engine/Content/VREditor/TransformGizmo/TransformGizmoMaterial.uasset" 365
"../../../Engine/Content/VREditor/TransformGizmo/TransformGizmoMaterial.uexp" 366
"../../../Engine/Content/VREditor/TransformGizmo/TranslucentTransformGizmoMaterial.uasset" 367
"../../../Engine/Content/VREditor/TransformGizmo/TranslucentTransformGizmoMaterial.uexp" 368
"../../../Engine/Content/VREditor/TransformGizmo/PlaneTranslationHandle.ubulk" 369
"../../../Engine/Content/VREditor/TransformGizmo/PlaneTranslationHandle.uasset" 370
"../../../Engine/Content/VREditor/TransformGizmo/PlaneTranslationHandle.uexp" 371
"../../../Engine/Content/VREditor/TransformGizmo/BoundingBoxEdge.ubulk" 372
"../../../Engine/Content/VREditor/TransformGizmo/BoundingBoxEdge.uasset" 373
"../../../Engine/Content/VREditor/TransformGizmo/BoundingBoxEdge.uexp" 374
"../../../Engine/Content/VREditor/TransformGizmo/BoundingBoxCorner.ubulk" 375
"../../../Engine/Content/VREditor/TransformGizmo/BoundingBoxCorner.uasset" 376
"../../../Engine/Content/VREditor/TransformGizmo/BoundingBoxCorner.uexp" 377
"../../../Engine/Plugins/2D/Paper2D/Content/PlaceholderTextures/DummySpriteTexture.ubulk" 378
"../../../Engine/Plugins/2D/Paper2D/Content/PlaceholderTextures/DummySpriteTexture.uasset" 379
"../../../Engine/Plugins/2D/Paper2D/Content/PlaceholderTextures/DummySpriteTexture.uexp" 380
"../../../Engine/Plugins/2D/Paper2D/Content/DefaultSpriteMaterial.uasset" 381
"../../../Engine/Plugins/2D/Paper2D/Content/DefaultSpriteMaterial.uexp" 382
"../../../Engine/Plugins/2D/Paper2D/Content/OpaqueUnlitSpriteMaterial.uasset" 383
"../../../Engine/Plugins/2D/Paper2D/Content/OpaqueUnlitSpriteMaterial.uexp" 384
"../../../Engine/Plugins/2D/Paper2D/Content/MaskedUnlitSpriteMaterial.uasset" 385
"../../../Engine/Plugins/2D/Paper2D/Content/MaskedUnlitSpriteMaterial.uexp" 386
"../../../Engine/Plugins/2D/Paper2D/Content/DummySprite.uasset" 387
"../../../Engine/Plugins/2D/Paper2D/Content/DummySprite.uexp" 388
"../../../Engine/Plugins/2D/Paper2D/Content/DefaultPaperTerrainMaterial.uasset" 389
"../../../Engine/Plugins/2D/Paper2D/Content/DefaultPaperTerrainMaterial.uexp" 390
"../../../Engine/Plugins/Animation/ControlRig/Content/M_Manip.uasset" 391
"../../../Engine/Plugins/Animation/ControlRig/Content/M_Manip.uexp" 392
"../../../Engine/Plugins/Animation/ControlRig/Content/Controls/DefaultGizmoLibraryNormalized.uasset" 393
"../../../Engine/Plugins/Animation/ControlRig/Content/Controls/DefaultGizmoLibraryNormalized.uexp" 394
"../../../Engine/Plugins/Animation/ControlRig/Content/Controls/ControlRig_Wedge_solid.ubulk" 395
"../../../Engine/Plugins/Animation/ControlRig/Content/Controls/ControlRig_Wedge_solid.uasset" 396
"../../../Engine/Plugins/Animation/ControlRig/Content/Controls/ControlRig_Wedge_solid.uexp" 397
"../../../Engine/Plugins/Animation/ControlRig/Content/Controls/ControlRig_Wedge_3mm.ubulk" 398
"../../../Engine/Plugins/Animation/ControlRig/Content/Controls/ControlRig_Wedge_3mm.uasset" 399
"../../../Engine/Plugins/Animation/ControlRig/Content/Controls/ControlRig_Wedge_3mm.uexp" 400
"../../../Engine/Plugins/Animation/ControlRig/Content/Controls/ControlRig_Wedge_1mm.ubulk" 401
"../../../Engine/Plugins/Animation/ControlRig/Content/Controls/ControlRig_Wedge_1mm.uasset" 402
"../../../Engine/Plugins/Animation/ControlRig/Content/Controls/ControlRig_Wedge_1mm.uexp" 403
"../../../Engine/Plugins/Animation/ControlRig/Content/Controls/ControlRig_Triangle_solid.ubulk" 404
"../../../Engine/Plugins/Animation/ControlRig/Content/Controls/ControlRig_Triangle_solid.uasset" 405
"../../../Engine/Plugins/Animation/ControlRig/Content/Controls/ControlRig_Triangle_solid.uexp" 406
"../../../Engine/Plugins/Animation/ControlRig/Content/Controls/ControlRig_Triangle_3mm.ubulk" 407
"../../../Engine/Plugins/Animation/ControlRig/Content/Controls/ControlRig_Triangle_3mm.uasset" 408
"../../../Engine/Plugins/Animation/ControlRig/Content/Controls/ControlRig_Triangle_3mm.uexp" 409
"../../../Engine/Plugins/Animation/ControlRig/Content/Controls/ControlRig_Triangle_1mm.ubulk" 410
"../../../Engine/Plugins/Animation/ControlRig/Content/Controls/ControlRig_Triangle_1mm.uasset" 411
"../../../Engine/Plugins/Animation/ControlRig/Content/Controls/ControlRig_Triangle_1mm.uexp" 412
"../../../Engine/Plugins/Animation/ControlRig/Content/Controls/ControlRig_Star4_solid.ubulk" 413
"../../../Engine/Plugins/Animation/ControlRig/Content/Controls/ControlRig_Star4_solid.uasset" 414
"../../../Engine/Plugins/Animation/ControlRig/Content/Controls/ControlRig_Star4_solid.uexp" 415
"../../../Engine/Plugins/Animation/ControlRig/Content/Controls/ControlRig_Star4_3mm.ubulk" 416
"../../../Engine/Plugins/Animation/ControlRig/Content/Controls/ControlRig_Star4_3mm.uasset" 417
"../../../Engine/Plugins/Animation/ControlRig/Content/Controls/ControlRig_Star4_3mm.uexp" 418
"../../../Engine/Plugins/Animation/ControlRig/Content/Controls/ControlRig_Star4_1mm.ubulk" 419
"../../../Engine/Plugins/Animation/ControlRig/Content/Controls/ControlRig_Star4_1mm.uasset" 420
"../../../Engine/Plugins/Animation/ControlRig/Content/Controls/ControlRig_Star4_1mm.uexp" 421
"../../../Engine/Plugins/Animation/ControlRig/Content/Controls/ControlRig_Square_solid.ubulk" 422
"../../../Engine/Plugins/Animation/ControlRig/Content/Controls/ControlRig_Square_solid.uasset" 423
"../../../Engine/Plugins/Animation/ControlRig/Content/Controls/ControlRig_Square_solid.uexp" 424
"../../../Engine/Plugins/Animation/ControlRig/Content/Controls/ControlRig_Square_3mm.ubulk" 425
"../../../Engine/Plugins/Animation/ControlRig/Content/Controls/ControlRig_Square_3mm.uasset" 426
"../../../Engine/Plugins/Animation/ControlRig/Content/Controls/ControlRig_Square_3mm.uexp" 427
"../../../Engine/Plugins/Animation/ControlRig/Content/Controls/ControlRig_Square_1mm.ubulk" 428
"../../../Engine/Plugins/Animation/ControlRig/Content/Controls/ControlRig_Square_1mm.uasset" 429
"../../../Engine/Plugins/Animation/ControlRig/Content/Controls/ControlRig_Square_1mm.uexp" 430
"../../../Engine/Plugins/Animation/ControlRig/Content/Controls/ControlRig_Sphere_solid.ubulk" 431
"../../../Engine/Plugins/Animation/ControlRig/Content/Controls/ControlRig_Sphere_solid.uasset" 432
"../../../Engine/Plugins/Animation/ControlRig/Content/Controls/ControlRig_Sphere_solid.uexp" 433
"../../../Engine/Plugins/Animation/ControlRig/Content/Controls/ControlRig_Sphere_3mm.ubulk" 434
"../../../Engine/Plugins/Animation/ControlRig/Content/Controls/ControlRig_Sphere_3mm.uasset" 435
"../../../Engine/Plugins/Animation/ControlRig/Content/Controls/ControlRig_Sphere_3mm.uexp" 436
"../../../Engine/Plugins/Animation/ControlRig/Content/Controls/ControlRig_Sphere_1mm.ubulk" 437
"../../../Engine/Plugins/Animation/ControlRig/Content/Controls/ControlRig_Sphere_1mm.uasset" 438
"../../../Engine/Plugins/Animation/ControlRig/Content/Controls/ControlRig_Sphere_1mm.uexp" 439
"../../../Engine/Plugins/Animation/ControlRig/Content/Controls/ControlRig_RoundedTriangle_solid.ubulk" 440
"../../../Engine/Plugins/Animation/ControlRig/Content/Controls/ControlRig_RoundedTriangle_solid.uasset" 441
"../../../Engine/Plugins/Animation/ControlRig/Content/Controls/ControlRig_RoundedTriangle_solid.uexp" 442
"../../../Engine/Plugins/Animation/ControlRig/Content/Controls/ControlRig_RoundedTriangle_3mm.ubulk" 443
"../../../Engine/Plugins/Animation/ControlRig/Content/Controls/ControlRig_RoundedTriangle_3mm.uasset" 444
"../../../Engine/Plugins/Animation/ControlRig/Content/Controls/ControlRig_RoundedTriangle_3mm.uexp" 445
"../../../Engine/Plugins/Animation/ControlRig/Content/Controls/ControlRig_RoundedTriangle_1mm.ubulk" 446
"../../../Engine/Plugins/Animation/ControlRig/Content/Controls/ControlRig_RoundedTriangle_1mm.uasset" 447
"../../../Engine/Plugins/Animation/ControlRig/Content/Controls/ControlRig_RoundedTriangle_1mm.uexp" 448
"../../../Engine/Plugins/Animation/ControlRig/Content/Controls/ControlRig_RoundedSquare_solid.ubulk" 449
"../../../Engine/Plugins/Animation/ControlRig/Content/Controls/ControlRig_RoundedSquare_solid.uasset" 450
"../../../Engine/Plugins/Animation/ControlRig/Content/Controls/ControlRig_RoundedSquare_solid.uexp" 451
"../../../Engine/Plugins/Animation/ControlRig/Content/Controls/ControlRig_RoundedSquare_3mm.ubulk" 452
"../../../Engine/Plugins/Animation/ControlRig/Content/Controls/ControlRig_RoundedSquare_3mm.uasset" 453
"../../../Engine/Plugins/Animation/ControlRig/Content/Controls/ControlRig_RoundedSquare_3mm.uexp" 454
"../../../Engine/Plugins/Animation/ControlRig/Content/Controls/ControlRig_RoundedSquare_1mm.ubulk" 455
"../../../Engine/Plugins/Animation/ControlRig/Content/Controls/ControlRig_RoundedSquare_1mm.uasset" 456
"../../../Engine/Plugins/Animation/ControlRig/Content/Controls/ControlRig_RoundedSquare_1mm.uexp" 457
"../../../Engine/Plugins/Animation/ControlRig/Content/Controls/ControlRig_QuarterCircle_solid.ubulk" 458
"../../../Engine/Plugins/Animation/ControlRig/Content/Controls/ControlRig_QuarterCircle_solid.uasset" 459
"../../../Engine/Plugins/Animation/ControlRig/Content/Controls/ControlRig_QuarterCircle_solid.uexp" 460
"../../../Engine/Plugins/Animation/ControlRig/Content/Controls/ControlRig_QuarterCircle_3mm.ubulk" 461
"../../../Engine/Plugins/Animation/ControlRig/Content/Controls/ControlRig_QuarterCircle_3mm.uasset" 462
"../../../Engine/Plugins/Animation/ControlRig/Content/Controls/ControlRig_QuarterCircle_3mm.uexp" 463
"../../../Engine/Plugins/Animation/ControlRig/Content/Controls/ControlRig_QuarterCircle_1mm.ubulk" 464
"../../../Engine/Plugins/Animation/ControlRig/Content/Controls/ControlRig_QuarterCircle_1mm.uasset" 465
"../../../Engine/Plugins/Animation/ControlRig/Content/Controls/ControlRig_QuarterCircle_1mm.uexp" 466
"../../../Engine/Plugins/Animation/ControlRig/Content/Controls/ControlRig_Pyramid_solid.ubulk" 467
"../../../Engine/Plugins/Animation/ControlRig/Content/Controls/ControlRig_Pyramid_solid.uasset" 468
"../../../Engine/Plugins/Animation/ControlRig/Content/Controls/ControlRig_Pyramid_solid.uexp" 469
"../../../Engine/Plugins/Animation/ControlRig/Content/Controls/ControlRig_Pyramid_3mm.ubulk" 470
"../../../Engine/Plugins/Animation/ControlRig/Content/Controls/ControlRig_Pyramid_3mm.uasset" 471
"../../../Engine/Plugins/Animation/ControlRig/Content/Controls/ControlRig_Pyramid_3mm.uexp" 472
"../../../Engine/Plugins/Animation/ControlRig/Content/Controls/ControlRig_Pyramid_1mm.ubulk" 473
"../../../Engine/Plugins/Animation/ControlRig/Content/Controls/ControlRig_Pyramid_1mm.uasset" 474
"../../../Engine/Plugins/Animation/ControlRig/Content/Controls/ControlRig_Pyramid_1mm.uexp" 475
"../../../Engine/Plugins/Animation/ControlRig/Content/Controls/ControlRig_Octagon_solid.ubulk" 476
"../../../Engine/Plugins/Animation/ControlRig/Content/Controls/ControlRig_Octagon_solid.uasset" 477
"../../../Engine/Plugins/Animation/ControlRig/Content/Controls/ControlRig_Octagon_solid.uexp" 478
"../../../Engine/Plugins/Animation/ControlRig/Content/Controls/ControlRig_Octagon_3mm.ubulk" 479
"../../../Engine/Plugins/Animation/ControlRig/Content/Controls/ControlRig_Octagon_3mm.uasset" 480
"../../../Engine/Plugins/Animation/ControlRig/Content/Controls/ControlRig_Octagon_3mm.uexp" 481
"../../../Engine/Plugins/Animation/ControlRig/Content/Controls/ControlRig_Octagon_1mm.ubulk" 482
"../../../Engine/Plugins/Animation/ControlRig/Content/Controls/ControlRig_Octagon_1mm.uasset" 483
"../../../Engine/Plugins/Animation/ControlRig/Content/Controls/ControlRig_Octagon_1mm.uexp" 484
"../../../Engine/Plugins/Animation/ControlRig/Content/Controls/ControlRig_Hexagon_solid.ubulk" 485
"../../../Engine/Plugins/Animation/ControlRig/Content/Controls/ControlRig_Hexagon_solid.uasset" 486
"../../../Engine/Plugins/Animation/ControlRig/Content/Controls/ControlRig_Hexagon_solid.uexp" 487
"../../../Engine/Plugins/Animation/ControlRig/Content/Controls/ControlRig_Hexagon_3mm.ubulk" 488
"../../../Engine/Plugins/Animation/ControlRig/Content/Controls/ControlRig_Hexagon_3mm.uasset" 489
"../../../Engine/Plugins/Animation/ControlRig/Content/Controls/ControlRig_Hexagon_3mm.uexp" 490
"../../../Engine/Plugins/Animation/ControlRig/Content/Controls/ControlRig_Hexagon_1mm.ubulk" 491
"../../../Engine/Plugins/Animation/ControlRig/Content/Controls/ControlRig_Hexagon_1mm.uasset" 492
"../../../Engine/Plugins/Animation/ControlRig/Content/Controls/ControlRig_Hexagon_1mm.uexp" 493
"../../../Engine/Plugins/Animation/ControlRig/Content/Controls/ControlRig_HalfCircle_solid.ubulk" 494
"../../../Engine/Plugins/Animation/ControlRig/Content/Controls/ControlRig_HalfCircle_solid.uasset" 495
"../../../Engine/Plugins/Animation/ControlRig/Content/Controls/ControlRig_HalfCircle_solid.uexp" 496
"../../../Engine/Plugins/Animation/ControlRig/Content/Controls/ControlRig_HalfCircle_3mm.ubulk" 497
"../../../Engine/Plugins/Animation/ControlRig/Content/Controls/ControlRig_HalfCircle_3mm.uasset" 498
"../../../Engine/Plugins/Animation/ControlRig/Content/Controls/ControlRig_HalfCircle_3mm.uexp" 499
"../../../Engine/Plugins/Animation/ControlRig/Content/Controls/ControlRig_HalfCircle_1mm.ubulk" 500
"../../../Engine/Plugins/Animation/ControlRig/Content/Controls/ControlRig_HalfCircle_1mm.uasset" 501
"../../../Engine/Plugins/Animation/ControlRig/Content/Controls/ControlRig_HalfCircle_1mm.uexp" 502
"../../../Engine/Plugins/Animation/ControlRig/Content/Controls/ControlRig_Diamond_solid.ubulk" 503
"../../../Engine/Plugins/Animation/ControlRig/Content/Controls/ControlRig_Diamond_solid.uasset" 504
"../../../Engine/Plugins/Animation/ControlRig/Content/Controls/ControlRig_Diamond_solid.uexp" 505
"../../../Engine/Plugins/Animation/ControlRig/Content/Controls/ControlRig_Diamond_3mm.ubulk" 506
"../../../Engine/Plugins/Animation/ControlRig/Content/Controls/ControlRig_Diamond_3mm.uasset" 507
"../../../Engine/Plugins/Animation/ControlRig/Content/Controls/ControlRig_Diamond_3mm.uexp" 508
"../../../Engine/Plugins/Animation/ControlRig/Content/Controls/ControlRig_Diamond_1mm.ubulk" 509
"../../../Engine/Plugins/Animation/ControlRig/Content/Controls/ControlRig_Diamond_1mm.uasset" 510
"../../../Engine/Plugins/Animation/ControlRig/Content/Controls/ControlRig_Diamond_1mm.uexp" 511
"../../../Engine/Plugins/Animation/ControlRig/Content/Controls/ControlRig_Circle_solid.ubulk" 512
"../../../Engine/Plugins/Animation/ControlRig/Content/Controls/ControlRig_Circle_solid.uasset" 513
"../../../Engine/Plugins/Animation/ControlRig/Content/Controls/ControlRig_Circle_solid.uexp" 514
"../../../Engine/Plugins/Animation/ControlRig/Content/Controls/ControlRig_Circle_3mm.ubulk" 515
"../../../Engine/Plugins/Animation/ControlRig/Content/Controls/ControlRig_Circle_3mm.uasset" 516
"../../../Engine/Plugins/Animation/ControlRig/Content/Controls/ControlRig_Circle_3mm.uexp" 517
"../../../Engine/Plugins/Animation/ControlRig/Content/Controls/ControlRig_Circle_1mm.ubulk" 518
"../../../Engine/Plugins/Animation/ControlRig/Content/Controls/ControlRig_Circle_1mm.uasset" 519
"../../../Engine/Plugins/Animation/ControlRig/Content/Controls/ControlRig_Circle_1mm.uexp" 520
"../../../Engine/Plugins/Animation/ControlRig/Content/Controls/ControlRig_Box_solid.ubulk" 521
"../../../Engine/Plugins/Animation/ControlRig/Content/Controls/ControlRig_Box_solid.uasset" 522
"../../../Engine/Plugins/Animation/ControlRig/Content/Controls/ControlRig_Box_solid.uexp" 523
"../../../Engine/Plugins/Animation/ControlRig/Content/Controls/ControlRig_Box_3mm.ubulk" 524
"../../../Engine/Plugins/Animation/ControlRig/Content/Controls/ControlRig_Box_3mm.uasset" 525
"../../../Engine/Plugins/Animation/ControlRig/Content/Controls/ControlRig_Box_3mm.uexp" 526
"../../../Engine/Plugins/Animation/ControlRig/Content/Controls/ControlRig_Box_1mm.ubulk" 527
"../../../Engine/Plugins/Animation/ControlRig/Content/Controls/ControlRig_Box_1mm.uasset" 528
"../../../Engine/Plugins/Animation/ControlRig/Content/Controls/ControlRig_Box_1mm.uexp" 529
"../../../Engine/Plugins/Animation/ControlRig/Content/Controls/ControlRig_Arrow_solid.ubulk" 530
"../../../Engine/Plugins/Animation/ControlRig/Content/Controls/ControlRig_Arrow_solid.uasset" 531
"../../../Engine/Plugins/Animation/ControlRig/Content/Controls/ControlRig_Arrow_solid.uexp" 532
"../../../Engine/Plugins/Animation/ControlRig/Content/Controls/ControlRig_Arrow_3mm.ubulk" 533
"../../../Engine/Plugins/Animation/ControlRig/Content/Controls/ControlRig_Arrow_3mm.uasset" 534
"../../../Engine/Plugins/Animation/ControlRig/Content/Controls/ControlRig_Arrow_3mm.uexp" 535
"../../../Engine/Plugins/Animation/ControlRig/Content/Controls/ControlRig_Arrow_1mm.ubulk" 536
"../../../Engine/Plugins/Animation/ControlRig/Content/Controls/ControlRig_Arrow_1mm.uasset" 537
"../../../Engine/Plugins/Animation/ControlRig/Content/Controls/ControlRig_Arrow_1mm.uexp" 538
"../../../Engine/Plugins/Animation/ControlRig/Content/Controls/ControlRig_Arrow4_solid.ubulk" 539
"../../../Engine/Plugins/Animation/ControlRig/Content/Controls/ControlRig_Arrow4_solid.uasset" 540
"../../../Engine/Plugins/Animation/ControlRig/Content/Controls/ControlRig_Arrow4_solid.uexp" 541
"../../../Engine/Plugins/Animation/ControlRig/Content/Controls/ControlRig_Arrow4_3mm.ubulk" 542
"../../../Engine/Plugins/Animation/ControlRig/Content/Controls/ControlRig_Arrow4_3mm.uasset" 543
"../../../Engine/Plugins/Animation/ControlRig/Content/Controls/ControlRig_Arrow4_3mm.uexp" 544
"../../../Engine/Plugins/Animation/ControlRig/Content/Controls/ControlRig_Arrow4_1mm.ubulk" 545
"../../../Engine/Plugins/Animation/ControlRig/Content/Controls/ControlRig_Arrow4_1mm.uasset" 546
"../../../Engine/Plugins/Animation/ControlRig/Content/Controls/ControlRig_Arrow4_1mm.uexp" 547
"../../../Engine/Plugins/Animation/ControlRig/Content/Controls/ControlRig_Arrow2_solid.ubulk" 548
"../../../Engine/Plugins/Animation/ControlRig/Content/Controls/ControlRig_Arrow2_solid.uasset" 549
"../../../Engine/Plugins/Animation/ControlRig/Content/Controls/ControlRig_Arrow2_solid.uexp" 550
"../../../Engine/Plugins/Animation/ControlRig/Content/Controls/ControlRig_Arrow2_3mm.ubulk" 551
"../../../Engine/Plugins/Animation/ControlRig/Content/Controls/ControlRig_Arrow2_3mm.uasset" 552
"../../../Engine/Plugins/Animation/ControlRig/Content/Controls/ControlRig_Arrow2_3mm.uexp" 553
"../../../Engine/Plugins/Animation/ControlRig/Content/Controls/ControlRig_Arrow2_1mm.ubulk" 554
"../../../Engine/Plugins/Animation/ControlRig/Content/Controls/ControlRig_Arrow2_1mm.uasset" 555
"../../../Engine/Plugins/Animation/ControlRig/Content/Controls/ControlRig_Arrow2_1mm.uexp" 556
"../../../Engine/Plugins/Animation/ControlRig/Content/Controls/ControlRigGizmoMaterial.uasset" 557
"../../../Engine/Plugins/Animation/ControlRig/Content/Controls/ControlRigGizmoMaterial.uexp" 558
"../../../Engine/Plugins/Editor/SpeedTreeImporter/Content/SpeedTree9/game_wind_noise.ubulk" 559
"../../../Engine/Plugins/Editor/SpeedTreeImporter/Content/SpeedTree9/game_wind_noise.uasset" 560
"../../../Engine/Plugins/Editor/SpeedTreeImporter/Content/SpeedTree9/game_wind_noise.uexp" 561
"../../../Engine/Plugins/Editor/SpeedTreeImporter/Content/SpeedTree9/UnpackDirection.uasset" 562
"../../../Engine/Plugins/Editor/SpeedTreeImporter/Content/SpeedTree9/UnpackDirection.uexp" 563
"../../../Engine/Content/Functions/Engine_MaterialFunctions02/ObjectLocalBounds.uasset" 564
"../../../Engine/Content/Functions/Engine_MaterialFunctions02/ObjectLocalBounds.uexp" 565
"../../../Engine/Content/Functions/Engine_MaterialFunctions02/UVs/BoundingBoxBased_0-1_UVW.uasset" 566
"../../../Engine/Content/Functions/Engine_MaterialFunctions02/UVs/BoundingBoxBased_0-1_UVW.uexp" 567
"../../../Engine/Content/Functions/Engine_MaterialFunctions02/Utility/VectorLength.uasset" 568
"../../../Engine/Content/Functions/Engine_MaterialFunctions02/Utility/VectorLength.uexp" 569
"../../../Engine/Plugins/Editor/SpeedTreeImporter/Content/SpeedTree9/UnpackInteger3.uasset" 570
"../../../Engine/Plugins/Editor/SpeedTreeImporter/Content/SpeedTree9/UnpackInteger3.uexp" 571
"../../../Engine/Plugins/Editor/SpeedTreeImporter/Content/SpeedTree9/SpeedTreeCameraFacing.uasset" 572
"../../../Engine/Plugins/Editor/SpeedTreeImporter/Content/SpeedTree9/SpeedTreeCameraFacing.uexp" 573
"../../../Engine/Content/Functions/Engine_MaterialFunctions02/WorldPositionOffset/ObjectScale.uasset" 574
"../../../Engine/Content/Functions/Engine_MaterialFunctions02/WorldPositionOffset/ObjectScale.uexp" 575
"../../../Engine/Content/Functions/Engine_MaterialFunctions02/SafeNormalize.uasset" 576
"../../../Engine/Content/Functions/Engine_MaterialFunctions02/SafeNormalize.uexp" 577
"../../../Engine/Plugins/Editor/SpeedTreeImporter/Content/SpeedTree9/SpeedTreeWindMotion.uasset" 578
"../../../Engine/Plugins/Editor/SpeedTreeImporter/Content/SpeedTree9/SpeedTreeWindMotion.uexp" 579
"../../../Engine/Plugins/Editor/SpeedTreeImporter/Content/SpeedTree9/SpeedTreeBranchMotion.uasset" 580
"../../../Engine/Plugins/Editor/SpeedTreeImporter/Content/SpeedTree9/SpeedTreeBranchMotion.uexp" 581
"../../../Engine/Plugins/Editor/SpeedTreeImporter/Content/SpeedTree9/SpeedTreeWind.uasset" 582
"../../../Engine/Plugins/Editor/SpeedTreeImporter/Content/SpeedTree9/SpeedTreeWind.uexp" 583
"../../../Engine/Plugins/Editor/SpeedTreeImporter/Content/SpeedTree9/EmptyNormal.uasset" 584
"../../../Engine/Plugins/Editor/SpeedTreeImporter/Content/SpeedTree9/EmptyNormal.uexp" 585
"../../../Engine/Plugins/Editor/SpeedTreeImporter/Content/SpeedTree9/Empty.uasset" 586
"../../../Engine/Plugins/Editor/SpeedTreeImporter/Content/SpeedTree9/Empty.uexp" 587
"../../../Engine/Plugins/Editor/SpeedTreeImporter/Content/SpeedTree9/SpeedTreeMaster.uasset" 588
"../../../Engine/Plugins/Editor/SpeedTreeImporter/Content/SpeedTree9/SpeedTreeMaster.uexp" 589
"../../../Engine/Plugins/Editor/SpeedTreeImporter/Content/SpeedTree9/SpeedTreeBillboard.uasset" 590
"../../../Engine/Plugins/Editor/SpeedTreeImporter/Content/SpeedTree9/SpeedTreeBillboard.uexp" 591
"../../../Engine/Plugins/Editor/SpeedTreeImporter/Content/SpeedTree9/SpeedTreeBillboardMaster.uasset" 592
"../../../Engine/Plugins/Editor/SpeedTreeImporter/Content/SpeedTree9/SpeedTreeBillboardMaster.uexp" 593
"../../../Engine/Plugins/Runtime/HairStrands/Content/Materials/HairMeshesDefaultMaterial.uasset" 594
"../../../Engine/Plugins/Runtime/HairStrands/Content/Materials/HairMeshesDefaultMaterial.uexp" 595
"../../../Engine/Plugins/Runtime/HairStrands/Content/Materials/HairDefaultMaterial.uasset" 596
"../../../Engine/Plugins/Runtime/HairStrands/Content/Materials/HairDefaultMaterial.uexp" 597
"../../../Engine/Plugins/Runtime/HairStrands/Content/Materials/HairGroupColors.uasset" 598
"../../../Engine/Plugins/Runtime/HairStrands/Content/Materials/HairGroupColors.uexp" 599
"../../../Engine/Content/EngineMaterials/HairColorMap.uasset" 600
"../../../Engine/Content/EngineMaterials/HairColorMap.uexp" 601
"../../../Engine/Content/EngineMaterials/HairDebugColor.uasset" 602
"../../../Engine/Content/EngineMaterials/HairDebugColor.uexp" 603
"../../../Engine/Plugins/Runtime/HairStrands/Content/Materials/HairDebugMaterial.uasset" 604
"../../../Engine/Plugins/Runtime/HairStrands/Content/Materials/HairDebugMaterial.uexp" 605
"../../../Engine/Plugins/Runtime/HairStrands/Content/Materials/HairCardsDefaultMaterial.uasset" 606
"../../../Engine/Plugins/Runtime/HairStrands/Content/Materials/HairCardsDefaultMaterial.uexp" 607
"D:/Flow/Flow/Content/Flow/Character/Data/Curve/StrideBlend_N_Run.uasset" 608
"D:/Flow/Flow/Content/Flow/Character/Data/Curve/StrideBlend_N_Run.uexp" 609
"D:/Flow/Flow/Content/Flow/Character/Data/Curve/StrideBlend_N_Walk.uasset" 610
"D:/Flow/Flow/Content/Flow/Character/Data/Curve/StrideBlend_N_Walk.uexp" 611
"../../../Engine/Content/EngineMeshes/Humanoid.uasset" 612
"../../../Engine/Content/EngineMeshes/Humanoid.uexp" 613
"D:/Flow/Flow/Content/Flow/Character/CharacterAssets/MannequinSkeleton/ALS_Mannequin_Skeleton.uasset" 614
"D:/Flow/Flow/Content/Flow/Character/CharacterAssets/MannequinSkeleton/ALS_Mannequin_Skeleton.uexp" 615
"D:/Flow/Flow/Content/Flow/Character/Animation/ALI_ItemAnimLayers.uasset" 616
"D:/Flow/Flow/Content/Flow/Character/Animation/ALI_ItemAnimLayers.uexp" 617
"D:/Flow/Flow/Content/Flow/Character/Animation/ABP_CharacterBase.uasset" 618
"D:/Flow/Flow/Content/Flow/Character/Animation/ABP_CharacterBase.uexp" 619
"D:/Flow/Flow/Content/Flow/Character/Data/DA/DA_MovementSetting_Default.uasset" 620
"D:/Flow/Flow/Content/Flow/Character/Data/DA/DA_MovementSetting_Default.uexp" 621
"../../../Engine/Content/Animation/DefaultAnimCurveCompressionSettings.uasset" 622
"../../../Engine/Content/Animation/DefaultAnimCurveCompressionSettings.uexp" 623
"D:/Flow/Flow/Content/Dev/AdvancedLocomotionV4/Blueprints/AnimModifiers/AnimCurveCreationData.uasset" 624
"D:/Flow/Flow/Content/Dev/AdvancedLocomotionV4/Blueprints/AnimModifiers/AnimCurveCreationData.uexp" 625
"D:/Flow/Flow/Content/Dev/AdvancedLocomotionV4/Blueprints/AnimModifiers/AnimCurveCreationParams.uasset" 626
"D:/Flow/Flow/Content/Dev/AdvancedLocomotionV4/Blueprints/AnimModifiers/AnimCurveCreationParams.uexp" 627
"../../../Engine/Content/EditorBlueprintResources/StandardMacros.uasset" 628
"../../../Engine/Content/EditorBlueprintResources/StandardMacros.uexp" 629
"D:/Flow/Flow/Content/Dev/AdvancedLocomotionV4/Data/Enums/FootstepType.uasset" 630
"D:/Flow/Flow/Content/Dev/AdvancedLocomotionV4/Data/Enums/FootstepType.uexp" 631
"D:/Flow/Flow/Content/Dev/AdvancedLocomotionV4/Audio/Footsteps/Concrete_Pivot_01.ubulk" 632
"D:/Flow/Flow/Content/Dev/AdvancedLocomotionV4/Audio/Footsteps/Concrete_Pivot_01.uasset" 633
"D:/Flow/Flow/Content/Dev/AdvancedLocomotionV4/Audio/Footsteps/Concrete_Pivot_01.uexp" 634
"D:/Flow/Flow/Content/Dev/AdvancedLocomotionV4/Audio/Footsteps/Concrete_Step_03.ubulk" 635
"D:/Flow/Flow/Content/Dev/AdvancedLocomotionV4/Audio/Footsteps/Concrete_Step_03.uasset" 636
"D:/Flow/Flow/Content/Dev/AdvancedLocomotionV4/Audio/Footsteps/Concrete_Step_03.uexp" 637
"D:/Flow/Flow/Content/Dev/AdvancedLocomotionV4/Audio/Footsteps/Concrete_Walk_04.ubulk" 638
"D:/Flow/Flow/Content/Dev/AdvancedLocomotionV4/Audio/Footsteps/Concrete_Walk_04.uasset" 639
"D:/Flow/Flow/Content/Dev/AdvancedLocomotionV4/Audio/Footsteps/Concrete_Walk_04.uexp" 640
"D:/Flow/Flow/Content/Dev/AdvancedLocomotionV4/Audio/Footsteps/Concrete_Walk_03.ubulk" 641
"D:/Flow/Flow/Content/Dev/AdvancedLocomotionV4/Audio/Footsteps/Concrete_Walk_03.uasset" 642
"D:/Flow/Flow/Content/Dev/AdvancedLocomotionV4/Audio/Footsteps/Concrete_Walk_03.uexp" 643
"D:/Flow/Flow/Content/Dev/AdvancedLocomotionV4/Audio/Footsteps/Concrete_Walk_05.ubulk" 644
"D:/Flow/Flow/Content/Dev/AdvancedLocomotionV4/Audio/Footsteps/Concrete_Walk_05.uasset" 645
"D:/Flow/Flow/Content/Dev/AdvancedLocomotionV4/Audio/Footsteps/Concrete_Walk_05.uexp" 646
"D:/Flow/Flow/Content/Dev/AdvancedLocomotionV4/Audio/Footsteps/Concrete_Walk_01.ubulk" 647
"D:/Flow/Flow/Content/Dev/AdvancedLocomotionV4/Audio/Footsteps/Concrete_Walk_01.uasset" 648
"D:/Flow/Flow/Content/Dev/AdvancedLocomotionV4/Audio/Footsteps/Concrete_Walk_01.uexp" 649
"D:/Flow/Flow/Content/Dev/AdvancedLocomotionV4/Audio/Footsteps/Concrete_Walk_02.ubulk" 650
"D:/Flow/Flow/Content/Dev/AdvancedLocomotionV4/Audio/Footsteps/Concrete_Walk_02.uasset" 651
"D:/Flow/Flow/Content/Dev/AdvancedLocomotionV4/Audio/Footsteps/Concrete_Walk_02.uexp" 652
"D:/Flow/Flow/Content/Dev/AdvancedLocomotionV4/Audio/Footsteps/Concrete_Step_02.ubulk" 653
"D:/Flow/Flow/Content/Dev/AdvancedLocomotionV4/Audio/Footsteps/Concrete_Step_02.uasset" 654
"D:/Flow/Flow/Content/Dev/AdvancedLocomotionV4/Audio/Footsteps/Concrete_Step_02.uexp" 655
"D:/Flow/Flow/Content/Dev/AdvancedLocomotionV4/Audio/Footsteps/Concrete_Step_01.ubulk" 656
"D:/Flow/Flow/Content/Dev/AdvancedLocomotionV4/Audio/Footsteps/Concrete_Step_01.uasset" 657
"D:/Flow/Flow/Content/Dev/AdvancedLocomotionV4/Audio/Footsteps/Concrete_Step_01.uexp" 658
"D:/Flow/Flow/Content/Dev/AdvancedLocomotionV4/Audio/Footsteps/Concrete_Pivot_02.ubulk" 659
"D:/Flow/Flow/Content/Dev/AdvancedLocomotionV4/Audio/Footsteps/Concrete_Pivot_02.uasset" 660
"D:/Flow/Flow/Content/Dev/AdvancedLocomotionV4/Audio/Footsteps/Concrete_Pivot_02.uexp" 661
"D:/Flow/Flow/Content/Dev/AdvancedLocomotionV4/Audio/Footsteps/Footstep_Cue.uasset" 662
"D:/Flow/Flow/Content/Dev/AdvancedLocomotionV4/Audio/Footsteps/Footstep_Cue.uexp" 663
"D:/Flow/Flow/Content/Dev/AdvancedLocomotionV4/Blueprints/AnimNotifys/Footstep_AnimNotify.uasset" 664
"D:/Flow/Flow/Content/Dev/AdvancedLocomotionV4/Blueprints/AnimNotifys/Footstep_AnimNotify.uexp" 665
"../../../Engine/Content/Animation/DefaultAnimBoneCompressionSettings.uasset" 666
"../../../Engine/Content/Animation/DefaultAnimBoneCompressionSettings.uexp" 667
"D:/Flow/Flow/Content/Flow/Character/CharacterAssets/MannequinSkeleton/AnimationExamples/Base/Locomotion/ALS_N_RunPose_F.uasset" 668
"D:/Flow/Flow/Content/Flow/Character/CharacterAssets/MannequinSkeleton/AnimationExamples/Base/Locomotion/ALS_N_RunPose_F.uexp" 669
"D:/Flow/Flow/Content/Flow/Character/CharacterAssets/MannequinSkeleton/AnimationExamples/Base/Locomotion/ALS_N_Run_F.uasset" 670
"D:/Flow/Flow/Content/Flow/Character/CharacterAssets/MannequinSkeleton/AnimationExamples/Base/Locomotion/ALS_N_Run_F.uexp" 671
"D:/Flow/Flow/Content/Flow/Character/CharacterAssets/MannequinSkeleton/AnimationExamples/Base/Locomotion/ALS_N_WalkPose_F.uasset" 672
"D:/Flow/Flow/Content/Flow/Character/CharacterAssets/MannequinSkeleton/AnimationExamples/Base/Locomotion/ALS_N_WalkPose_F.uexp" 673
"D:/Flow/Flow/Content/Flow/Character/CharacterAssets/MannequinSkeleton/AnimationExamples/Base/Locomotion/ALS_N_Walk_F.uasset" 674
"D:/Flow/Flow/Content/Flow/Character/CharacterAssets/MannequinSkeleton/AnimationExamples/Base/Locomotion/ALS_N_Walk_F.uexp" 675
"D:/Flow/Flow/Content/Flow/Character/CharacterAssets/MannequinSkeleton/AnimationExamples/Base/Locomotion/ALS_N_WalkRun_F.uasset" 676
"D:/Flow/Flow/Content/Flow/Character/CharacterAssets/MannequinSkeleton/AnimationExamples/Base/Locomotion/ALS_N_WalkRun_F.uexp" 677
"D:/Flow/Flow/Content/Flow/Character/Animation/ABP_ItemAnimLayersBase.uasset" 678
"D:/Flow/Flow/Content/Flow/Character/Animation/ABP_ItemAnimLayersBase.uexp" 679
"D:/Flow/Flow/Content/Flow/Character/CharacterAssets/MannequinSkeleton/AnimationExamples/Base/BasePoses/ALS_N_Pose.uasset" 680
"D:/Flow/Flow/Content/Flow/Character/CharacterAssets/MannequinSkeleton/AnimationExamples/Base/BasePoses/ALS_N_Pose.uexp" 681
"D:/Flow/Flow/Content/Flow/Character/Animation/ABP_UnarmedAnimLayers.uasset" 682
"D:/Flow/Flow/Content/Flow/Character/Animation/ABP_UnarmedAnimLayers.uexp" 683
"D:/Flow/Flow/Content/Flow/Input/InputAction/IA_Sprint.uasset" 684
"D:/Flow/Flow/Content/Flow/Input/InputAction/IA_Sprint.uexp" 685
"D:/Flow/Flow/Content/Flow/Input/InputAction/IA_Jump.uasset" 686
"D:/Flow/Flow/Content/Flow/Input/InputAction/IA_Jump.uexp" 687
"D:/Flow/Flow/Content/Flow/Input/InputAction/IA_LookMouse.uasset" 688
"D:/Flow/Flow/Content/Flow/Input/InputAction/IA_LookMouse.uexp" 689
"D:/Flow/Flow/Content/Flow/Input/InputAction/IA_Move.uasset" 690
"D:/Flow/Flow/Content/Flow/Input/InputAction/IA_Move.uexp" 691
"D:/Flow/Flow/Content/Flow/Input/InputAction/IA_Stance.uasset" 692
"D:/Flow/Flow/Content/Flow/Input/InputAction/IA_Stance.uexp" 693
"D:/Flow/Flow/Content/Flow/Character/Data/DA/DA_InputConfig_Default.uasset" 694
"D:/Flow/Flow/Content/Flow/Character/Data/DA/DA_InputConfig_Default.uexp" 695
"D:/Flow/Flow/Content/Flow/Character/CharacterAssets/MannequinSkeleton/Materials/M_AnimMan_Default.uasset" 696
"D:/Flow/Flow/Content/Flow/Character/CharacterAssets/MannequinSkeleton/Materials/M_AnimMan_Default.uexp" 697
"D:/Flow/Flow/Content/Flow/Character/CharacterAssets/MannequinSkeleton/PhysicsAssets/AnimMan_PhysicsAsset.uasset" 698
"D:/Flow/Flow/Content/Flow/Character/CharacterAssets/MannequinSkeleton/PhysicsAssets/AnimMan_PhysicsAsset.uexp" 699
"D:/Flow/Flow/Content/Flow/Character/CharacterAssets/MannequinSkeleton/Materials/M_AnimMan_Eyes.uasset" 700
"D:/Flow/Flow/Content/Flow/Character/CharacterAssets/MannequinSkeleton/Materials/M_AnimMan_Eyes.uexp" 701
"D:/Flow/Flow/Content/Flow/Character/CharacterAssets/MannequinSkeleton/Meshes/AnimMan.uasset" 702
"D:/Flow/Flow/Content/Flow/Character/CharacterAssets/MannequinSkeleton/Meshes/AnimMan.uexp" 703
"D:/Flow/Flow/Content/Flow/Input/InputMapping/IMC_Move.uasset" 704
"D:/Flow/Flow/Content/Flow/Input/InputMapping/IMC_Move.uexp" 705
"D:/Flow/Flow/Content/Flow/Input/DA/DA_IMC_BaseInput.uasset" 706
"D:/Flow/Flow/Content/Flow/Input/DA/DA_IMC_BaseInput.uexp" 707
"D:/Flow/Flow/Content/Flow/Character/BP_CharacterBase.uasset" 708
"D:/Flow/Flow/Content/Flow/Character/BP_CharacterBase.uexp" 709
"D:/Flow/Flow/Content/Flow/GameMode/BP_GameMode.uasset" 710
"D:/Flow/Flow/Content/Flow/GameMode/BP_GameMode.uexp" 711
"D:/Flow/Flow/Content/Flow/Map/InitialPlatform_HLOD0_Instancing.uasset" 712
"D:/Flow/Flow/Content/Flow/Map/InitialPlatform_HLOD0_Instancing.uexp" 713
"D:/Flow/Flow/Content/Flow/Map/InitialPlatform.uexp" 714
"D:/Flow/Flow/Content/Flow/Map/InitialPlatform.ubulk" 715
"D:/Flow/Flow/Content/Flow/Map/InitialPlatform.umap" 716
"../../../Engine/Content/Maps/Entry_BuiltData.uasset" 717
"../../../Engine/Content/Maps/Entry_BuiltData.uexp" 718
"../../../Engine/Content/Maps/Entry.uexp" 719
"../../../Engine/Content/Maps/Entry.umap" 720
"D:/Flow/Flow/Content/Flow/Map/InitialPlatform/_Generated_/InitialPlatform_MainGrid_L2_X-1_Y-1_DL0.uexp" 721
"D:/Flow/Flow/Content/Flow/Map/InitialPlatform/_Generated_/InitialPlatform_MainGrid_L2_X-1_Y-1_DL0.ubulk" 722
"D:/Flow/Flow/Content/Flow/Map/InitialPlatform/_Generated_/InitialPlatform_MainGrid_L2_X-1_Y-1_DL0.umap" 723
"D:/Flow/Flow/Content/Flow/Map/InitialPlatform/_Generated_/InitialPlatform_MainGrid_L1_X-2_Y1_DL0.uexp" 724
"D:/Flow/Flow/Content/Flow/Map/InitialPlatform/_Generated_/InitialPlatform_MainGrid_L1_X-2_Y1_DL0.ubulk" 725
"D:/Flow/Flow/Content/Flow/Map/InitialPlatform/_Generated_/InitialPlatform_MainGrid_L1_X-2_Y1_DL0.umap" 726
"D:/Flow/Flow/Content/Flow/Map/InitialPlatform/_Generated_/InitialPlatform_MainGrid_L0_X0_Y0_DL0.uexp" 727
"D:/Flow/Flow/Content/Flow/Map/InitialPlatform/_Generated_/InitialPlatform_MainGrid_L0_X0_Y0_DL0.ubulk" 728
"D:/Flow/Flow/Content/Flow/Map/InitialPlatform/_Generated_/InitialPlatform_MainGrid_L0_X0_Y0_DL0.umap" 729
"D:/Flow/Flow/Content/Flow/Map/InitialPlatform/_Generated_/InitialPlatform_MainGrid_L1_X0_Y-2_DL0.uexp" 730
"D:/Flow/Flow/Content/Flow/Map/InitialPlatform/_Generated_/InitialPlatform_MainGrid_L1_X0_Y-2_DL0.ubulk" 731
"D:/Flow/Flow/Content/Flow/Map/InitialPlatform/_Generated_/InitialPlatform_MainGrid_L1_X0_Y-2_DL0.umap" 732
"D:/Flow/Flow/Content/Flow/Map/InitialPlatform/_Generated_/InitialPlatform_MainGrid_L1_X1_Y-1_DL0.uexp" 733
"D:/Flow/Flow/Content/Flow/Map/InitialPlatform/_Generated_/InitialPlatform_MainGrid_L1_X1_Y-1_DL0.ubulk" 734
"D:/Flow/Flow/Content/Flow/Map/InitialPlatform/_Generated_/InitialPlatform_MainGrid_L1_X1_Y-1_DL0.umap" 735
"D:/Flow/Flow/Content/Flow/Map/InitialPlatform/_Generated_/InitialPlatform_MainGrid_L1_X-2_Y0_DL0.uexp" 736
"D:/Flow/Flow/Content/Flow/Map/InitialPlatform/_Generated_/InitialPlatform_MainGrid_L1_X-2_Y0_DL0.ubulk" 737
"D:/Flow/Flow/Content/Flow/Map/InitialPlatform/_Generated_/InitialPlatform_MainGrid_L1_X-2_Y0_DL0.umap" 738
"D:/Flow/Flow/Content/Flow/Map/InitialPlatform/_Generated_/InitialPlatform_MainGrid_L1_X-1_Y0_DL0.uexp" 739
"D:/Flow/Flow/Content/Flow/Map/InitialPlatform/_Generated_/InitialPlatform_MainGrid_L1_X-1_Y0_DL0.ubulk" 740
"D:/Flow/Flow/Content/Flow/Map/InitialPlatform/_Generated_/InitialPlatform_MainGrid_L1_X-1_Y0_DL0.umap" 741
"D:/Flow/Flow/Content/Flow/Map/InitialPlatform/_Generated_/InitialPlatform_MainGrid_L2_X0_Y-1_DL0.uexp" 742
"D:/Flow/Flow/Content/Flow/Map/InitialPlatform/_Generated_/InitialPlatform_MainGrid_L2_X0_Y-1_DL0.ubulk" 743
"D:/Flow/Flow/Content/Flow/Map/InitialPlatform/_Generated_/InitialPlatform_MainGrid_L2_X0_Y-1_DL0.umap" 744
"D:/Flow/Flow/Content/Flow/Map/InitialPlatform/_Generated_/InitialPlatform_MainGrid_L2_X-1_Y0_DL0.uexp" 745
"D:/Flow/Flow/Content/Flow/Map/InitialPlatform/_Generated_/InitialPlatform_MainGrid_L2_X-1_Y0_DL0.ubulk" 746
"D:/Flow/Flow/Content/Flow/Map/InitialPlatform/_Generated_/InitialPlatform_MainGrid_L2_X-1_Y0_DL0.umap" 747
"D:/Flow/Flow/Content/Flow/Map/InitialPlatform/_Generated_/InitialPlatform_MainGrid_L1_X0_Y0_DL0.uexp" 748
"D:/Flow/Flow/Content/Flow/Map/InitialPlatform/_Generated_/InitialPlatform_MainGrid_L1_X0_Y0_DL0.ubulk" 749
"D:/Flow/Flow/Content/Flow/Map/InitialPlatform/_Generated_/InitialPlatform_MainGrid_L1_X0_Y0_DL0.umap" 750
"D:/Flow/Flow/Content/Flow/Map/InitialPlatform/_Generated_/InitialPlatform_MainGrid_L1_X1_Y0_DL0.uexp" 751
"D:/Flow/Flow/Content/Flow/Map/InitialPlatform/_Generated_/InitialPlatform_MainGrid_L1_X1_Y0_DL0.ubulk" 752
"D:/Flow/Flow/Content/Flow/Map/InitialPlatform/_Generated_/InitialPlatform_MainGrid_L1_X1_Y0_DL0.umap" 753
"D:/Flow/Flow/Content/Flow/Map/InitialPlatform/_Generated_/InitialPlatform_MainGrid_L1_X0_Y1_DL0.uexp" 754
"D:/Flow/Flow/Content/Flow/Map/InitialPlatform/_Generated_/InitialPlatform_MainGrid_L1_X0_Y1_DL0.ubulk" 755
"D:/Flow/Flow/Content/Flow/Map/InitialPlatform/_Generated_/InitialPlatform_MainGrid_L1_X0_Y1_DL0.umap" 756
"D:/Flow/Flow/Content/Flow/Map/InitialPlatform/_Generated_/InitialPlatform_MainGrid_L1_X-1_Y1_DL0.uexp" 757
"D:/Flow/Flow/Content/Flow/Map/InitialPlatform/_Generated_/InitialPlatform_MainGrid_L1_X-1_Y1_DL0.ubulk" 758
"D:/Flow/Flow/Content/Flow/Map/InitialPlatform/_Generated_/InitialPlatform_MainGrid_L1_X-1_Y1_DL0.umap" 759
"D:/Flow/Flow/Content/Flow/Map/InitialPlatform/_Generated_/InitialPlatform_MainGrid_L2_X0_Y0_DL0.uexp" 760
"D:/Flow/Flow/Content/Flow/Map/InitialPlatform/_Generated_/InitialPlatform_MainGrid_L2_X0_Y0_DL0.ubulk" 761
"D:/Flow/Flow/Content/Flow/Map/InitialPlatform/_Generated_/InitialPlatform_MainGrid_L2_X0_Y0_DL0.umap" 762
"D:/Flow/Flow/Content/Flow/Map/InitialPlatform/_Generated_/InitialPlatform_MainGrid_L1_X1_Y-2_DL0.uexp" 763
"D:/Flow/Flow/Content/Flow/Map/InitialPlatform/_Generated_/InitialPlatform_MainGrid_L1_X1_Y-2_DL0.ubulk" 764
"D:/Flow/Flow/Content/Flow/Map/InitialPlatform/_Generated_/InitialPlatform_MainGrid_L1_X1_Y-2_DL0.umap" 765
"D:/Flow/Flow/Content/Flow/Map/InitialPlatform/_Generated_/InitialPlatform_MainGrid_L1_X-2_Y-2_DL0.uexp" 766
"D:/Flow/Flow/Content/Flow/Map/InitialPlatform/_Generated_/InitialPlatform_MainGrid_L1_X-2_Y-2_DL0.ubulk" 767
"D:/Flow/Flow/Content/Flow/Map/InitialPlatform/_Generated_/InitialPlatform_MainGrid_L1_X-2_Y-2_DL0.umap" 768
"D:/Flow/Flow/Content/Flow/Map/InitialPlatform/_Generated_/InitialPlatform_MainGrid_L1_X-2_Y-1_DL0.uexp" 769
"D:/Flow/Flow/Content/Flow/Map/InitialPlatform/_Generated_/InitialPlatform_MainGrid_L1_X-2_Y-1_DL0.ubulk" 770
"D:/Flow/Flow/Content/Flow/Map/InitialPlatform/_Generated_/InitialPlatform_MainGrid_L1_X-2_Y-1_DL0.umap" 771
"D:/Flow/Flow/Content/Flow/Map/InitialPlatform/_Generated_/InitialPlatform_MainGrid_L1_X1_Y1_DL0.uexp" 772
"D:/Flow/Flow/Content/Flow/Map/InitialPlatform/_Generated_/InitialPlatform_MainGrid_L1_X1_Y1_DL0.ubulk" 773
"D:/Flow/Flow/Content/Flow/Map/InitialPlatform/_Generated_/InitialPlatform_MainGrid_L1_X1_Y1_DL0.umap" 774
"D:/Flow/Flow/Content/Flow/Map/InitialPlatform/_Generated_/InitialPlatform_MainGrid_L1_X-1_Y-1_DL0.uexp" 775
"D:/Flow/Flow/Content/Flow/Map/InitialPlatform/_Generated_/InitialPlatform_MainGrid_L1_X-1_Y-1_DL0.ubulk" 776
"D:/Flow/Flow/Content/Flow/Map/InitialPlatform/_Generated_/InitialPlatform_MainGrid_L1_X-1_Y-1_DL0.umap" 777
"D:/Flow/Flow/Content/Flow/Map/InitialPlatform/_Generated_/InitialPlatform_MainGrid_L1_X0_Y-1_DL0.uexp" 778
"D:/Flow/Flow/Content/Flow/Map/InitialPlatform/_Generated_/InitialPlatform_MainGrid_L1_X0_Y-1_DL0.ubulk" 779
"D:/Flow/Flow/Content/Flow/Map/InitialPlatform/_Generated_/InitialPlatform_MainGrid_L1_X0_Y-1_DL0.umap" 780
"D:/Flow/Flow/Content/Flow/Map/InitialPlatform/_Generated_/InitialPlatform_MainGrid_L1_X-1_Y-2_DL0.uexp" 781
"D:/Flow/Flow/Content/Flow/Map/InitialPlatform/_Generated_/InitialPlatform_MainGrid_L1_X-1_Y-2_DL0.ubulk" 782
"D:/Flow/Flow/Content/Flow/Map/InitialPlatform/_Generated_/InitialPlatform_MainGrid_L1_X-1_Y-2_DL0.umap" 783
